Analysis & Synthesis report for DE1_SoC
Wed Feb 26 08:52:44 2020
Quartus Prime Version 17.0.0 Build 595 04/25/2017 SJ Lite Edition


---------------------
; Table of Contents ;
---------------------
  1. Legal Notice
  2. Analysis & Synthesis Summary
  3. Analysis & Synthesis Settings
  4. Parallel Compilation
  5. Analysis & Synthesis Source Files Read
  6. Analysis & Synthesis Resource Usage Summary
  7. Analysis & Synthesis Resource Utilization by Entity
  8. State Machine - |DE1_SoC|Victory2:v|ps
  9. Registers Removed During Synthesis
 10. General Register Statistics
 11. Parameter Settings for User Entity Instance: Top-level Entity: |DE1_SoC
 12. Port Connectivity Checks: "seg7:right"
 13. Port Connectivity Checks: "seg7:left"
 14. Port Connectivity Checks: "Light2:EachLed[9].Led"
 15. Port Connectivity Checks: "Light2:EachLed[8].Led"
 16. Port Connectivity Checks: "Light2:EachLed[7].Led"
 17. Port Connectivity Checks: "Light2:EachLed[6].Led"
 18. Port Connectivity Checks: "Light2:EachLed[5].Led"
 19. Port Connectivity Checks: "Light2:EachLed[4].Led"
 20. Port Connectivity Checks: "Light2:EachLed[3].Led"
 21. Port Connectivity Checks: "Light2:EachLed[2].Led"
 22. Port Connectivity Checks: "Light2:EachLed[1].Led"
 23. Port Connectivity Checks: "Comparator_10b:Compr|F_Adder:eachFA[10].FA"
 24. Port Connectivity Checks: "Comparator_10b:Compr|F_Adder:eachFA[9].FA"
 25. Port Connectivity Checks: "Comparator_10b:Compr|F_Adder:eachFA[8].FA"
 26. Port Connectivity Checks: "Comparator_10b:Compr|F_Adder:eachFA[7].FA"
 27. Port Connectivity Checks: "Comparator_10b:Compr|F_Adder:eachFA[6].FA"
 28. Port Connectivity Checks: "Comparator_10b:Compr|F_Adder:eachFA[5].FA"
 29. Port Connectivity Checks: "Comparator_10b:Compr|F_Adder:eachFA[4].FA"
 30. Port Connectivity Checks: "Comparator_10b:Compr|F_Adder:eachFA[3].FA"
 31. Port Connectivity Checks: "Comparator_10b:Compr|F_Adder:eachFA[2].FA"
 32. Port Connectivity Checks: "Comparator_10b:Compr|F_Adder:eachFA[1].FA"
 33. Port Connectivity Checks: "Comparator_10b:Compr|F_Adder:eachFA[0].FA"
 34. Port Connectivity Checks: "Comparator_10b:Compr"
 35. Port Connectivity Checks: "clock_divider:cdiv"
 36. Post-Synthesis Netlist Statistics for Top Partition
 37. Elapsed Time Per Partition
 38. Analysis & Synthesis Messages
 39. Analysis & Synthesis Suppressed Messages



----------------
; Legal Notice ;
----------------
Copyright (C) 2017  Intel Corporation. All rights reserved.
Your use of Intel Corporation's design tools, logic functions 
and other software and tools, and its AMPP partner logic 
functions, and any output files from any of the foregoing 
(including device programming or simulation files), and any 
associated documentation or information are expressly subject 
to the terms and conditions of the Intel Program License 
Subscription Agreement, the Intel Quartus Prime License Agreement,
the Intel MegaCore Function License Agreement, or other 
applicable license agreement, including, without limitation, 
that your use is for the sole purpose of programming logic 
devices manufactured by Intel and sold by Intel or its 
authorized distributors.  Please refer to the applicable 
agreement for further details.



+-------------------------------------------------------------------------------+
; Analysis & Synthesis Summary                                                  ;
+---------------------------------+---------------------------------------------+
; Analysis & Synthesis Status     ; Successful - Wed Feb 26 08:52:44 2020       ;
; Quartus Prime Version           ; 17.0.0 Build 595 04/25/2017 SJ Lite Edition ;
; Revision Name                   ; DE1_SoC                                     ;
; Top-level Entity Name           ; DE1_SoC                                     ;
; Family                          ; Cyclone V                                   ;
; Logic utilization (in ALMs)     ; N/A                                         ;
; Total registers                 ; 61                                          ;
; Total pins                      ; 67                                          ;
; Total virtual pins              ; 0                                           ;
; Total block memory bits         ; 0                                           ;
; Total DSP Blocks                ; 0                                           ;
; Total HSSI RX PCSs              ; 0                                           ;
; Total HSSI PMA RX Deserializers ; 0                                           ;
; Total HSSI TX PCSs              ; 0                                           ;
; Total HSSI PMA TX Serializers   ; 0                                           ;
; Total PLLs                      ; 0                                           ;
; Total DLLs                      ; 0                                           ;
+---------------------------------+---------------------------------------------+


+---------------------------------------------------------------------------------------------------------------------------+
; Analysis & Synthesis Settings                                                                                             ;
+---------------------------------------------------------------------------------+--------------------+--------------------+
; Option                                                                          ; Setting            ; Default Value      ;
+---------------------------------------------------------------------------------+--------------------+--------------------+
; Device                                                                          ; 5CSEMA5F31C6       ;                    ;
; Top-level entity name                                                           ; DE1_SoC            ; DE1_SoC            ;
; Family name                                                                     ; Cyclone V          ; Cyclone V          ;
; State Machine Processing                                                        ; User-Encoded       ; Auto               ;
; Use smart compilation                                                           ; Off                ; Off                ;
; Maximum processors allowed for parallel compilation                             ; All                ; All                ;
; Enable parallel Assembler and TimeQuest Timing Analyzer during compilation      ; On                 ; On                 ;
; Enable compact report table                                                     ; Off                ; Off                ;
; Restructure Multiplexers                                                        ; Auto               ; Auto               ;
; MLAB Add Timing Constraints For Mixed-Port Feed-Through Mode Setting Don't Care ; Off                ; Off                ;
; Create Debugging Nodes for IP Cores                                             ; Off                ; Off                ;
; Preserve fewer node names                                                       ; On                 ; On                 ;
; OpenCore Plus hardware evaluation                                               ; Enable             ; Enable             ;
; Verilog Version                                                                 ; Verilog_2001       ; Verilog_2001       ;
; VHDL Version                                                                    ; VHDL_1993          ; VHDL_1993          ;
; Safe State Machine                                                              ; Off                ; Off                ;
; Extract Verilog State Machines                                                  ; On                 ; On                 ;
; Extract VHDL State Machines                                                     ; On                 ; On                 ;
; Ignore Verilog initial constructs                                               ; Off                ; Off                ;
; Iteration limit for constant Verilog loops                                      ; 5000               ; 5000               ;
; Iteration limit for non-constant Verilog loops                                  ; 250                ; 250                ;
; Add Pass-Through Logic to Inferred RAMs                                         ; On                 ; On                 ;
; Infer RAMs from Raw Logic                                                       ; On                 ; On                 ;
; Parallel Synthesis                                                              ; On                 ; On                 ;
; DSP Block Balancing                                                             ; Auto               ; Auto               ;
; NOT Gate Push-Back                                                              ; On                 ; On                 ;
; Power-Up Don't Care                                                             ; On                 ; On                 ;
; Remove Redundant Logic Cells                                                    ; Off                ; Off                ;
; Remove Duplicate Registers                                                      ; On                 ; On                 ;
; Ignore CARRY Buffers                                                            ; Off                ; Off                ;
; Ignore CASCADE Buffers                                                          ; Off                ; Off                ;
; Ignore GLOBAL Buffers                                                           ; Off                ; Off                ;
; Ignore ROW GLOBAL Buffers                                                       ; Off                ; Off                ;
; Ignore LCELL Buffers                                                            ; Off                ; Off                ;
; Ignore SOFT Buffers                                                             ; On                 ; On                 ;
; Limit AHDL Integers to 32 Bits                                                  ; Off                ; Off                ;
; Optimization Technique                                                          ; Balanced           ; Balanced           ;
; Carry Chain Length                                                              ; 70                 ; 70                 ;
; Auto Carry Chains                                                               ; On                 ; On                 ;
; Auto Open-Drain Pins                                                            ; On                 ; On                 ;
; Perform WYSIWYG Primitive Resynthesis                                           ; Off                ; Off                ;
; Auto ROM Replacement                                                            ; On                 ; On                 ;
; Auto RAM Replacement                                                            ; On                 ; On                 ;
; Auto DSP Block Replacement                                                      ; On                 ; On                 ;
; Auto Shift Register Replacement                                                 ; Auto               ; Auto               ;
; Allow Shift Register Merging across Hierarchies                                 ; Auto               ; Auto               ;
; Auto Clock Enable Replacement                                                   ; On                 ; On                 ;
; Strict RAM Replacement                                                          ; Off                ; Off                ;
; Allow Synchronous Control Signals                                               ; On                 ; On                 ;
; Force Use of Synchronous Clear Signals                                          ; Off                ; Off                ;
; Auto Resource Sharing                                                           ; Off                ; Off                ;
; Allow Any RAM Size For Recognition                                              ; Off                ; Off                ;
; Allow Any ROM Size For Recognition                                              ; Off                ; Off                ;
; Allow Any Shift Register Size For Recognition                                   ; Off                ; Off                ;
; Use LogicLock Constraints during Resource Balancing                             ; On                 ; On                 ;
; Ignore translate_off and synthesis_off directives                               ; Off                ; Off                ;
; Timing-Driven Synthesis                                                         ; On                 ; On                 ;
; Report Parameter Settings                                                       ; On                 ; On                 ;
; Report Source Assignments                                                       ; On                 ; On                 ;
; Report Connectivity Checks                                                      ; On                 ; On                 ;
; Ignore Maximum Fan-Out Assignments                                              ; Off                ; Off                ;
; Synchronization Register Chain Length                                           ; 3                  ; 3                  ;
; PowerPlay Power Optimization During Synthesis                                   ; Normal compilation ; Normal compilation ;
; HDL message level                                                               ; Level2             ; Level2             ;
; Suppress Register Optimization Related Messages                                 ; Off                ; Off                ;
; Number of Removed Registers Reported in Synthesis Report                        ; 5000               ; 5000               ;
; Number of Swept Nodes Reported in Synthesis Report                              ; 5000               ; 5000               ;
; Number of Inverted Registers Reported in Synthesis Report                       ; 100                ; 100                ;
; Clock MUX Protection                                                            ; On                 ; On                 ;
; Auto Gated Clock Conversion                                                     ; Off                ; Off                ;
; Block Design Naming                                                             ; Auto               ; Auto               ;
; SDC constraint protection                                                       ; Off                ; Off                ;
; Synthesis Effort                                                                ; Auto               ; Auto               ;
; Shift Register Replacement - Allow Asynchronous Clear Signal                    ; On                 ; On                 ;
; Pre-Mapping Resynthesis Optimization                                            ; Off                ; Off                ;
; Analysis & Synthesis Message Level                                              ; Medium             ; Medium             ;
; Disable Register Merging Across Hierarchies                                     ; Auto               ; Auto               ;
; Resource Aware Inference For Block RAM                                          ; On                 ; On                 ;
; Automatic Parallel Synthesis                                                    ; On                 ; On                 ;
; Partial Reconfiguration Bitstream ID                                            ; Off                ; Off                ;
+---------------------------------------------------------------------------------+--------------------+--------------------+


+------------------------------------------+
; Parallel Compilation                     ;
+----------------------------+-------------+
; Processors                 ; Number      ;
+----------------------------+-------------+
; Number detected on machine ; 4           ;
; Maximum allowed            ; 2           ;
;                            ;             ;
; Average used               ; 1.00        ;
; Maximum used               ; 2           ;
;                            ;             ;
; Usage by Processor         ; % Time Used ;
;     Processor 1            ; 100.0%      ;
;     Processor 2            ;   0.0%      ;
+----------------------------+-------------+


+---------------------------------------------------------------------------------------------------------------------------------------------------------------+
; Analysis & Synthesis Source Files Read                                                                                                                        ;
+----------------------------------+-----------------+------------------------------+-----------------------------------------------------------------+---------+
; File Name with User-Entered Path ; Used in Netlist ; File Type                    ; File Name with Absolute Path                                    ; Library ;
+----------------------------------+-----------------+------------------------------+-----------------------------------------------------------------+---------+
; DE1_SoC.sv                       ; yes             ; User SystemVerilog HDL File  ; C:/Users/cryst/OneDrive/Documents/ece271/lab7/DE1_SoC.sv        ;         ;
; Light.sv                         ; yes             ; User SystemVerilog HDL File  ; C:/Users/cryst/OneDrive/Documents/ece271/lab7/Light.sv          ;         ;
; seg7.sv                          ; yes             ; User SystemVerilog HDL File  ; C:/Users/cryst/OneDrive/Documents/ece271/lab7/seg7.sv           ;         ;
; lfsr_10.sv                       ; yes             ; User SystemVerilog HDL File  ; C:/Users/cryst/OneDrive/Documents/ece271/lab7/lfsr_10.sv        ;         ;
; UserInput.sv                     ; yes             ; User SystemVerilog HDL File  ; C:/Users/cryst/OneDrive/Documents/ece271/lab7/UserInput.sv      ;         ;
; Comparator_10b.sv                ; yes             ; User SystemVerilog HDL File  ; C:/Users/cryst/OneDrive/Documents/ece271/lab7/Comparator_10b.sv ;         ;
; Victory.sv                       ; yes             ; User SystemVerilog HDL File  ; C:/Users/cryst/OneDrive/Documents/ece271/lab7/Victory.sv        ;         ;
; Counter_3b.sv                    ; yes             ; User SystemVerilog HDL File  ; C:/Users/cryst/OneDrive/Documents/ece271/lab7/Counter_3b.sv     ;         ;
+----------------------------------+-----------------+------------------------------+-----------------------------------------------------------------+---------+


+-------------------------------------------------------------------------------------+
; Analysis & Synthesis Resource Usage Summary                                         ;
+---------------------------------------------+---------------------------------------+
; Resource                                    ; Usage                                 ;
+---------------------------------------------+---------------------------------------+
; Estimate of Logic utilization (ALMs needed) ; 59                                    ;
;                                             ;                                       ;
; Combinational ALUT usage for logic          ; 85                                    ;
;     -- 7 input functions                    ; 0                                     ;
;     -- 6 input functions                    ; 29                                    ;
;     -- 5 input functions                    ; 3                                     ;
;     -- 4 input functions                    ; 12                                    ;
;     -- <=3 input functions                  ; 41                                    ;
;                                             ;                                       ;
; Dedicated logic registers                   ; 61                                    ;
;                                             ;                                       ;
; I/O pins                                    ; 67                                    ;
;                                             ;                                       ;
; Total DSP Blocks                            ; 0                                     ;
;                                             ;                                       ;
; Maximum fan-out node                        ; clock_divider:cdiv|divided_clocks[15] ;
; Maximum fan-out                             ; 46                                    ;
; Total fan-out                               ; 575                                   ;
; Average fan-out                             ; 2.05                                  ;
+---------------------------------------------+---------------------------------------+


+----------------------------------------------------------------------------------------------------------------------------------------------------------------------------------------------------------------------------+
; Analysis & Synthesis Resource Utilization by Entity                                                                                                                                                                        ;
+------------------------------+---------------------+---------------------------+-------------------+------------+------+--------------+----------------------------------------------------+----------------+--------------+
; Compilation Hierarchy Node   ; Combinational ALUTs ; Dedicated Logic Registers ; Block Memory Bits ; DSP Blocks ; Pins ; Virtual Pins ; Full Hierarchy Name                                ; Entity Name    ; Library Name ;
+------------------------------+---------------------+---------------------------+-------------------+------------+------+--------------+----------------------------------------------------+----------------+--------------+
; |DE1_SoC                     ; 85 (2)              ; 61 (4)                    ; 0                 ; 0          ; 67   ; 0            ; |DE1_SoC                                           ; DE1_SoC        ; work         ;
;    |Comparator_10b:Compr|    ; 7 (0)               ; 0 (0)                     ; 0                 ; 0          ; 0    ; 0            ; |DE1_SoC|Comparator_10b:Compr                      ; Comparator_10b ; work         ;
;       |F_Adder:eachFA[6].FA| ; 4 (4)               ; 0 (0)                     ; 0                 ; 0          ; 0    ; 0            ; |DE1_SoC|Comparator_10b:Compr|F_Adder:eachFA[6].FA ; F_Adder        ; work         ;
;       |F_Adder:eachFA[8].FA| ; 1 (1)               ; 0 (0)                     ; 0                 ; 0          ; 0    ; 0            ; |DE1_SoC|Comparator_10b:Compr|F_Adder:eachFA[8].FA ; F_Adder        ; work         ;
;       |F_Adder:eachFA[9].FA| ; 2 (2)               ; 0 (0)                     ; 0                 ; 0          ; 0    ; 0            ; |DE1_SoC|Comparator_10b:Compr|F_Adder:eachFA[9].FA ; F_Adder        ; work         ;
;    |Counter_3b:Computer|     ; 3 (3)               ; 3 (3)                     ; 0                 ; 0          ; 0    ; 0            ; |DE1_SoC|Counter_3b:Computer                       ; Counter_3b     ; work         ;
;    |Counter_3b:Player|       ; 3 (3)               ; 3 (3)                     ; 0                 ; 0          ; 0    ; 0            ; |DE1_SoC|Counter_3b:Player                         ; Counter_3b     ; work         ;
;    |Light2:EachLed[1].Led|   ; 2 (2)               ; 1 (1)                     ; 0                 ; 0          ; 0    ; 0            ; |DE1_SoC|Light2:EachLed[1].Led                     ; Light2         ; work         ;
;    |Light2:EachLed[2].Led|   ; 4 (4)               ; 1 (1)                     ; 0                 ; 0          ; 0    ; 0            ; |DE1_SoC|Light2:EachLed[2].Led                     ; Light2         ; work         ;
;    |Light2:EachLed[3].Led|   ; 4 (4)               ; 1 (1)                     ; 0                 ; 0          ; 0    ; 0            ; |DE1_SoC|Light2:EachLed[3].Led                     ; Light2         ; work         ;
;    |Light2:EachLed[4].Led|   ; 4 (4)               ; 1 (1)                     ; 0                 ; 0          ; 0    ; 0            ; |DE1_SoC|Light2:EachLed[4].Led                     ; Light2         ; work         ;
;    |Light2:EachLed[5].Led|   ; 1 (1)               ; 1 (1)                     ; 0                 ; 0          ; 0    ; 0            ; |DE1_SoC|Light2:EachLed[5].Led                     ; Light2         ; work         ;
;    |Light2:EachLed[6].Led|   ; 4 (4)               ; 1 (1)                     ; 0                 ; 0          ; 0    ; 0            ; |DE1_SoC|Light2:EachLed[6].Led                     ; Light2         ; work         ;
;    |Light2:EachLed[7].Led|   ; 4 (4)               ; 1 (1)                     ; 0                 ; 0          ; 0    ; 0            ; |DE1_SoC|Light2:EachLed[7].Led                     ; Light2         ; work         ;
;    |Light2:EachLed[8].Led|   ; 4 (4)               ; 1 (1)                     ; 0                 ; 0          ; 0    ; 0            ; |DE1_SoC|Light2:EachLed[8].Led                     ; Light2         ; work         ;
;    |Light2:EachLed[9].Led|   ; 2 (2)               ; 1 (1)                     ; 0                 ; 0          ; 0    ; 0            ; |DE1_SoC|Light2:EachLed[9].Led                     ; Light2         ; work         ;
;    |UserInput:U_In|          ; 4 (4)               ; 2 (2)                     ; 0                 ; 0          ; 0    ; 0            ; |DE1_SoC|UserInput:U_In                            ; UserInput      ; work         ;
;    |Victory2:v|              ; 6 (6)               ; 4 (4)                     ; 0                 ; 0          ; 0    ; 0            ; |DE1_SoC|Victory2:v                                ; Victory2       ; work         ;
;    |clock_divider:cdiv|      ; 16 (16)             ; 16 (16)                   ; 0                 ; 0          ; 0    ; 0            ; |DE1_SoC|clock_divider:cdiv                        ; clock_divider  ; work         ;
;    |lfsr_10:LFSR|            ; 1 (1)               ; 20 (20)                   ; 0                 ; 0          ; 0    ; 0            ; |DE1_SoC|lfsr_10:LFSR                              ; lfsr_10        ; work         ;
;    |seg7:left|               ; 7 (7)               ; 0 (0)                     ; 0                 ; 0          ; 0    ; 0            ; |DE1_SoC|seg7:left                                 ; seg7           ; work         ;
;    |seg7:right|              ; 7 (7)               ; 0 (0)                     ; 0                 ; 0          ; 0    ; 0            ; |DE1_SoC|seg7:right                                ; seg7           ; work         ;
+------------------------------+---------------------+---------------------------+-------------------+------------+------+--------------+----------------------------------------------------+----------------+--------------+
Note: For table entries with two numbers listed, the numbers in parentheses indicate the number of resources of the given type used by the specific entity alone. The numbers listed outside of parentheses indicate the total resources of the given type used by the specific entity and all of its sub-entities in the hierarchy.


Encoding Type:  User-Encoded
+----------------------------------------+
; State Machine - |DE1_SoC|Victory2:v|ps ;
+-------+------+-------------------------+
; Name  ; ps~3 ; ps~2                    ;
+-------+------+-------------------------+
; ps.00 ; 0    ; 0                       ;
; ps.01 ; 0    ; 1                       ;
; ps.10 ; 1    ; 0                       ;
+-------+------+-------------------------+


+----------------------------------------------------------------+
; Registers Removed During Synthesis                             ;
+-------------------------------------------+--------------------+
; Register name                             ; Reason for Removal ;
+-------------------------------------------+--------------------+
; clock_divider:cdiv|divided_clocks[16..31] ; Lost fanout        ;
; Total Number of Removed Registers = 16    ;                    ;
+-------------------------------------------+--------------------+


+------------------------------------------------------+
; General Register Statistics                          ;
+----------------------------------------------+-------+
; Statistic                                    ; Value ;
+----------------------------------------------+-------+
; Total registers                              ; 61    ;
; Number of registers using Synchronous Clear  ; 16    ;
; Number of registers using Synchronous Load   ; 0     ;
; Number of registers using Asynchronous Clear ; 0     ;
; Number of registers using Asynchronous Load  ; 0     ;
; Number of registers using Clock Enable       ; 10    ;
; Number of registers using Preset             ; 0     ;
+----------------------------------------------+-------+


+-------------------------------------------------------------------------+
; Parameter Settings for User Entity Instance: Top-level Entity: |DE1_SoC ;
+----------------+-------+------------------------------------------------+
; Parameter Name ; Value ; Type                                           ;
+----------------+-------+------------------------------------------------+
; whichClock     ; 15    ; Signed Integer                                 ;
+----------------+-------+------------------------------------------------+
Note: In order to hide this table in the UI and the text report file, please set the "Show Parameter Settings in Synthesis Report" option in "Analysis and Synthesis Settings -> More Settings" to "Off".


+------------------------------------------+
; Port Connectivity Checks: "seg7:right"   ;
+--------+-------+----------+--------------+
; Port   ; Type  ; Severity ; Details      ;
+--------+-------+----------+--------------+
; bcd[3] ; Input ; Info     ; Stuck at GND ;
+--------+-------+----------+--------------+


+------------------------------------------+
; Port Connectivity Checks: "seg7:left"    ;
+--------+-------+----------+--------------+
; Port   ; Type  ; Severity ; Details      ;
+--------+-------+----------+--------------+
; bcd[3] ; Input ; Info     ; Stuck at GND ;
+--------+-------+----------+--------------+


+---------------------------------------------------+
; Port Connectivity Checks: "Light2:EachLed[9].Led" ;
+-----------+-------+----------+--------------------+
; Port      ; Type  ; Severity ; Details            ;
+-----------+-------+----------+--------------------+
; is_center ; Input ; Info     ; Stuck at GND       ;
; in[1]     ; Input ; Info     ; Stuck at GND       ;
+-----------+-------+----------+--------------------+


+---------------------------------------------------+
; Port Connectivity Checks: "Light2:EachLed[8].Led" ;
+-----------+-------+----------+--------------------+
; Port      ; Type  ; Severity ; Details            ;
+-----------+-------+----------+--------------------+
; is_center ; Input ; Info     ; Stuck at GND       ;
+-----------+-------+----------+--------------------+


+---------------------------------------------------+
; Port Connectivity Checks: "Light2:EachLed[7].Led" ;
+-----------+-------+----------+--------------------+
; Port      ; Type  ; Severity ; Details            ;
+-----------+-------+----------+--------------------+
; is_center ; Input ; Info     ; Stuck at GND       ;
+-----------+-------+----------+--------------------+


+---------------------------------------------------+
; Port Connectivity Checks: "Light2:EachLed[6].Led" ;
+-----------+-------+----------+--------------------+
; Port      ; Type  ; Severity ; Details            ;
+-----------+-------+----------+--------------------+
; is_center ; Input ; Info     ; Stuck at GND       ;
+-----------+-------+----------+--------------------+


+---------------------------------------------------+
; Port Connectivity Checks: "Light2:EachLed[5].Led" ;
+-----------+-------+----------+--------------------+
; Port      ; Type  ; Severity ; Details            ;
+-----------+-------+----------+--------------------+
; is_center ; Input ; Info     ; Stuck at VCC       ;
+-----------+-------+----------+--------------------+


+---------------------------------------------------+
; Port Connectivity Checks: "Light2:EachLed[4].Led" ;
+-----------+-------+----------+--------------------+
; Port      ; Type  ; Severity ; Details            ;
+-----------+-------+----------+--------------------+
; is_center ; Input ; Info     ; Stuck at GND       ;
+-----------+-------+----------+--------------------+


+---------------------------------------------------+
; Port Connectivity Checks: "Light2:EachLed[3].Led" ;
+-----------+-------+----------+--------------------+
; Port      ; Type  ; Severity ; Details            ;
+-----------+-------+----------+--------------------+
; is_center ; Input ; Info     ; Stuck at GND       ;
+-----------+-------+----------+--------------------+


+---------------------------------------------------+
; Port Connectivity Checks: "Light2:EachLed[2].Led" ;
+-----------+-------+----------+--------------------+
; Port      ; Type  ; Severity ; Details            ;
+-----------+-------+----------+--------------------+
; is_center ; Input ; Info     ; Stuck at GND       ;
+-----------+-------+----------+--------------------+


+---------------------------------------------------+
; Port Connectivity Checks: "Light2:EachLed[1].Led" ;
+-----------+-------+----------+--------------------+
; Port      ; Type  ; Severity ; Details            ;
+-----------+-------+----------+--------------------+
; is_center ; Input ; Info     ; Stuck at GND       ;
; in[0]     ; Input ; Info     ; Stuck at GND       ;
+-----------+-------+----------+--------------------+


+---------------------------------------------------------------------------------------------------------------------------------------------------------------------------------------------------------------+
; Port Connectivity Checks: "Comparator_10b:Compr|F_Adder:eachFA[10].FA"                                                                                                                                        ;
+-------+-------+----------+------------------------------------------------------------------------------------------------------------------------------------------------------------------------------------+
; Port  ; Type  ; Severity ; Details                                                                                                                                                                            ;
+-------+-------+----------+------------------------------------------------------------------------------------------------------------------------------------------------------------------------------------+
; A     ; Input ; Info     ; Stuck at VCC                                                                                                                                                                       ;
; B     ; Input ; Warning  ; Input port expression (32 bits) is wider than the input port (1 bits) it drives.  The 31 most-significant bit(s) in the expression will be dangling if they have no other fanouts. ;
; B[-1] ; Input ; Info     ; Stuck at GND                                                                                                                                                                       ;
+-------+-------+----------+------------------------------------------------------------------------------------------------------------------------------------------------------------------------------------+


+----------------------------------------------------------------------------------------------------------------+
; Port Connectivity Checks: "Comparator_10b:Compr|F_Adder:eachFA[9].FA"                                          ;
+------+--------+----------+-------------------------------------------------------------------------------------+
; Port ; Type   ; Severity ; Details                                                                             ;
+------+--------+----------+-------------------------------------------------------------------------------------+
; out  ; Output ; Info     ; Connected to dangling logic. Logic that only feeds a dangling port will be removed. ;
+------+--------+----------+-------------------------------------------------------------------------------------+


+----------------------------------------------------------------------------------------------------------------+
; Port Connectivity Checks: "Comparator_10b:Compr|F_Adder:eachFA[8].FA"                                          ;
+------+--------+----------+-------------------------------------------------------------------------------------+
; Port ; Type   ; Severity ; Details                                                                             ;
+------+--------+----------+-------------------------------------------------------------------------------------+
; out  ; Output ; Info     ; Connected to dangling logic. Logic that only feeds a dangling port will be removed. ;
+------+--------+----------+-------------------------------------------------------------------------------------+


+----------------------------------------------------------------------------------------------------------------+
; Port Connectivity Checks: "Comparator_10b:Compr|F_Adder:eachFA[7].FA"                                          ;
+------+--------+----------+-------------------------------------------------------------------------------------+
; Port ; Type   ; Severity ; Details                                                                             ;
+------+--------+----------+-------------------------------------------------------------------------------------+
; out  ; Output ; Info     ; Connected to dangling logic. Logic that only feeds a dangling port will be removed. ;
+------+--------+----------+-------------------------------------------------------------------------------------+


+----------------------------------------------------------------------------------------------------------------+
; Port Connectivity Checks: "Comparator_10b:Compr|F_Adder:eachFA[6].FA"                                          ;
+------+--------+----------+-------------------------------------------------------------------------------------+
; Port ; Type   ; Severity ; Details                                                                             ;
+------+--------+----------+-------------------------------------------------------------------------------------+
; out  ; Output ; Info     ; Connected to dangling logic. Logic that only feeds a dangling port will be removed. ;
+------+--------+----------+-------------------------------------------------------------------------------------+


+----------------------------------------------------------------------------------------------------------------+
; Port Connectivity Checks: "Comparator_10b:Compr|F_Adder:eachFA[5].FA"                                          ;
+------+--------+----------+-------------------------------------------------------------------------------------+
; Port ; Type   ; Severity ; Details                                                                             ;
+------+--------+----------+-------------------------------------------------------------------------------------+
; out  ; Output ; Info     ; Connected to dangling logic. Logic that only feeds a dangling port will be removed. ;
+------+--------+----------+-------------------------------------------------------------------------------------+


+----------------------------------------------------------------------------------------------------------------+
; Port Connectivity Checks: "Comparator_10b:Compr|F_Adder:eachFA[4].FA"                                          ;
+------+--------+----------+-------------------------------------------------------------------------------------+
; Port ; Type   ; Severity ; Details                                                                             ;
+------+--------+----------+-------------------------------------------------------------------------------------+
; out  ; Output ; Info     ; Connected to dangling logic. Logic that only feeds a dangling port will be removed. ;
+------+--------+----------+-------------------------------------------------------------------------------------+


+----------------------------------------------------------------------------------------------------------------+
; Port Connectivity Checks: "Comparator_10b:Compr|F_Adder:eachFA[3].FA"                                          ;
+------+--------+----------+-------------------------------------------------------------------------------------+
; Port ; Type   ; Severity ; Details                                                                             ;
+------+--------+----------+-------------------------------------------------------------------------------------+
; out  ; Output ; Info     ; Connected to dangling logic. Logic that only feeds a dangling port will be removed. ;
+------+--------+----------+-------------------------------------------------------------------------------------+


+----------------------------------------------------------------------------------------------------------------+
; Port Connectivity Checks: "Comparator_10b:Compr|F_Adder:eachFA[2].FA"                                          ;
+------+--------+----------+-------------------------------------------------------------------------------------+
; Port ; Type   ; Severity ; Details                                                                             ;
+------+--------+----------+-------------------------------------------------------------------------------------+
; out  ; Output ; Info     ; Connected to dangling logic. Logic that only feeds a dangling port will be removed. ;
+------+--------+----------+-------------------------------------------------------------------------------------+


+----------------------------------------------------------------------------------------------------------------+
; Port Connectivity Checks: "Comparator_10b:Compr|F_Adder:eachFA[1].FA"                                          ;
+------+--------+----------+-------------------------------------------------------------------------------------+
; Port ; Type   ; Severity ; Details                                                                             ;
+------+--------+----------+-------------------------------------------------------------------------------------+
; out  ; Output ; Info     ; Connected to dangling logic. Logic that only feeds a dangling port will be removed. ;
+------+--------+----------+-------------------------------------------------------------------------------------+


+----------------------------------------------------------------------------------------------------------------+
; Port Connectivity Checks: "Comparator_10b:Compr|F_Adder:eachFA[0].FA"                                          ;
+------+--------+----------+-------------------------------------------------------------------------------------+
; Port ; Type   ; Severity ; Details                                                                             ;
+------+--------+----------+-------------------------------------------------------------------------------------+
; c_in ; Input  ; Info     ; Stuck at VCC                                                                        ;
; out  ; Output ; Info     ; Connected to dangling logic. Logic that only feeds a dangling port will be removed. ;
+------+--------+----------+-------------------------------------------------------------------------------------+


+--------------------------------------------------+
; Port Connectivity Checks: "Comparator_10b:Compr" ;
+------+-------+----------+------------------------+
; Port ; Type  ; Severity ; Details                ;
+------+-------+----------+------------------------+
; A[9] ; Input ; Info     ; Stuck at GND           ;
+------+-------+----------+------------------------+


+----------------------------------------------------------------------------------------------------------------------------------+
; Port Connectivity Checks: "clock_divider:cdiv"                                                                                   ;
+------------------------+--------+----------+-------------------------------------------------------------------------------------+
; Port                   ; Type   ; Severity ; Details                                                                             ;
+------------------------+--------+----------+-------------------------------------------------------------------------------------+
; divided_clocks[31..16] ; Output ; Info     ; Connected to dangling logic. Logic that only feeds a dangling port will be removed. ;
; divided_clocks[14..0]  ; Output ; Info     ; Connected to dangling logic. Logic that only feeds a dangling port will be removed. ;
+------------------------+--------+----------+-------------------------------------------------------------------------------------+


+-----------------------------------------------------+
; Post-Synthesis Netlist Statistics for Top Partition ;
+-----------------------+-----------------------------+
; Type                  ; Count                       ;
+-----------------------+-----------------------------+
; arriav_ff             ; 61                          ;
;     ENA               ; 10                          ;
;     SCLR              ; 16                          ;
;     plain             ; 35                          ;
; arriav_lcell_comb     ; 95                          ;
;     arith             ; 15                          ;
;         1 data inputs ; 14                          ;
;         2 data inputs ; 1                           ;
;     normal            ; 80                          ;
;         0 data inputs ; 1                           ;
;         1 data inputs ; 11                          ;
;         2 data inputs ; 5                           ;
;         3 data inputs ; 19                          ;
;         4 data inputs ; 12                          ;
;         5 data inputs ; 3                           ;
;         6 data inputs ; 29                          ;
; boundary_port         ; 67                          ;
;                       ;                             ;
; Max LUT depth         ; 3.00                        ;
; Average LUT depth     ; 1.65                        ;
+-----------------------+-----------------------------+


+-------------------------------+
; Elapsed Time Per Partition    ;
+----------------+--------------+
; Partition Name ; Elapsed Time ;
+----------------+--------------+
; Top            ; 00:00:01     ;
+----------------+--------------+


+-------------------------------+
; Analysis & Synthesis Messages ;
+-------------------------------+
Info: *******************************************************************
Info: Running Quartus Prime Analysis & Synthesis
    Info: Version 17.0.0 Build 595 04/25/2017 SJ Lite Edition
    Info: Processing started: Wed Feb 26 08:52:24 2020
Info: Command: quartus_map --read_settings_files=on --write_settings_files=off DE1_SoC -c DE1_SoC
Info (20030): Parallel compilation is enabled and will use 2 of the 2 processors detected
Info (12021): Found 3 design units, including 3 entities, in source file de1_soc.sv
    Info (12023): Found entity 1: DE1_SoC File: C:/Users/cryst/OneDrive/Documents/ece271/lab7/DE1_SoC.sv Line: 1
    Info (12023): Found entity 2: clock_divider File: C:/Users/cryst/OneDrive/Documents/ece271/lab7/DE1_SoC.sv Line: 65
    Info (12023): Found entity 3: Cyber_War_testbench File: C:/Users/cryst/OneDrive/Documents/ece271/lab7/DE1_SoC.sv Line: 74
Info (12021): Found 3 design units, including 3 entities, in source file light.sv
    Info (12023): Found entity 1: Light2 File: C:/Users/cryst/OneDrive/Documents/ece271/lab7/Light.sv Line: 1
    Info (12023): Found entity 2: CenterLight_testbench File: C:/Users/cryst/OneDrive/Documents/ece271/lab7/Light.sv Line: 30
    Info (12023): Found entity 3: NormalLight_testbench File: C:/Users/cryst/OneDrive/Documents/ece271/lab7/Light.sv Line: 88
Info (12021): Found 2 design units, including 2 entities, in source file seg7.sv
    Info (12023): Found entity 1: seg7 File: C:/Users/cryst/OneDrive/Documents/ece271/lab7/seg7.sv Line: 1
    Info (12023): Found entity 2: seg7_testbench File: C:/Users/cryst/OneDrive/Documents/ece271/lab7/seg7.sv Line: 24
Info (12021): Found 2 design units, including 2 entities, in source file lfsr_10.sv
    Info (12023): Found entity 1: lfsr_10 File: C:/Users/cryst/OneDrive/Documents/ece271/lab7/lfsr_10.sv Line: 1
    Info (12023): Found entity 2: lfsr_10_testbench File: C:/Users/cryst/OneDrive/Documents/ece271/lab7/lfsr_10.sv Line: 26
Info (12021): Found 2 design units, including 2 entities, in source file userinput.sv
    Info (12023): Found entity 1: UserInput File: C:/Users/cryst/OneDrive/Documents/ece271/lab7/UserInput.sv Line: 1
    Info (12023): Found entity 2: UserInput_testbench File: C:/Users/cryst/OneDrive/Documents/ece271/lab7/UserInput.sv Line: 23
Info (12021): Found 6 design units, including 6 entities, in source file comparator_10b.sv
    Info (12023): Found entity 1: Comparator_10b File: C:/Users/cryst/OneDrive/Documents/ece271/lab7/Comparator_10b.sv Line: 1
    Info (12023): Found entity 2: F_Adder File: C:/Users/cryst/OneDrive/Documents/ece271/lab7/Comparator_10b.sv Line: 23
    Info (12023): Found entity 3: F_Adder_10b File: C:/Users/cryst/OneDrive/Documents/ece271/lab7/Comparator_10b.sv Line: 31
    Info (12023): Found entity 4: F_Adder_testbench File: C:/Users/cryst/OneDrive/Documents/ece271/lab7/Comparator_10b.sv Line: 53
    Info (12023): Found entity 5: F_Adder_10b_testbench File: C:/Users/cryst/OneDrive/Documents/ece271/lab7/Comparator_10b.sv Line: 70
    Info (12023): Found entity 6: Comparator_10b_testbench File: C:/Users/cryst/OneDrive/Documents/ece271/lab7/Comparator_10b.sv Line: 90
Info (12021): Found 2 design units, including 2 entities, in source file victory.sv
    Info (12023): Found entity 1: Victory2 File: C:/Users/cryst/OneDrive/Documents/ece271/lab7/Victory.sv Line: 1
    Info (12023): Found entity 2: Victory_testbench File: C:/Users/cryst/OneDrive/Documents/ece271/lab7/Victory.sv Line: 27
Info (12021): Found 2 design units, including 2 entities, in source file counter_3b.sv
    Info (12023): Found entity 1: Counter_3b File: C:/Users/cryst/OneDrive/Documents/ece271/lab7/Counter_3b.sv Line: 1
    Info (12023): Found entity 2: Counter_3b_testbench File: C:/Users/cryst/OneDrive/Documents/ece271/lab7/Counter_3b.sv Line: 21
Info (12127): Elaborating entity "DE1_SoC" for the top level hierarchy
Info (12128): Elaborating entity "clock_divider" for hierarchy "clock_divider:cdiv" File: C:/Users/cryst/OneDrive/Documents/ece271/lab7/DE1_SoC.sv Line: 12
Info (12128): Elaborating entity "lfsr_10" for hierarchy "lfsr_10:LFSR" File: C:/Users/cryst/OneDrive/Documents/ece271/lab7/DE1_SoC.sv Line: 21
Info (12128): Elaborating entity "Comparator_10b" for hierarchy "Comparator_10b:Compr" File: C:/Users/cryst/OneDrive/Documents/ece271/lab7/DE1_SoC.sv Line: 23
Info (12128): Elaborating entity "F_Adder" for hierarchy "Comparator_10b:Compr|F_Adder:eachFA[0].FA" File: C:/Users/cryst/OneDrive/Documents/ece271/lab7/Comparator_10b.sv Line: 11
Info (12128): Elaborating entity "UserInput" for hierarchy "UserInput:U_In" File: C:/Users/cryst/OneDrive/Documents/ece271/lab7/DE1_SoC.sv Line: 25
Info (12128): Elaborating entity "Light2" for hierarchy "Light2:EachLed[1].Led" File: C:/Users/cryst/OneDrive/Documents/ece271/lab7/DE1_SoC.sv Line: 31
Info (12128): Elaborating entity "Victory2" for hierarchy "Victory2:v" File: C:/Users/cryst/OneDrive/Documents/ece271/lab7/DE1_SoC.sv Line: 41
Info (12128): Elaborating entity "Counter_3b" for hierarchy "Counter_3b:Computer" File: C:/Users/cryst/OneDrive/Documents/ece271/lab7/DE1_SoC.sv Line: 43
Info (12128): Elaborating entity "seg7" for hierarchy "seg7:left" File: C:/Users/cryst/OneDrive/Documents/ece271/lab7/DE1_SoC.sv Line: 46
Warning (12241): 1 hierarchies have connectivity warnings - see the Connectivity Checks report folder
Info (286030): Timing-Driven Synthesis is running
Info (17049): 16 registers lost all their fanouts during netlist optimizations.
Info (144001): Generated suppressed messages file C:/Users/cryst/OneDrive/Documents/ece271/lab7/output_files/DE1_SoC.map.smsg
Info (16010): Generating hard_block partition "hard_block:auto_generated_inst"
    Info (16011): Adding 0 node(s), including 0 DDIO, 0 PLL, 0 transceiver and 0 LCELL
Info (21057): Implemented 173 device resources after synthesis - the final resource count might be different
    Info (21058): Implemented 15 input pins
    Info (21059): Implemented 52 output pins
    Info (21061): Implemented 106 logic cells
Info: Quartus Prime Analysis & Synthesis was successful. 0 errors, 1 warning
    Info: Peak virtual memory: 4805 megabytes
    Info: Processing ended: Wed Feb 26 08:52:44 2020
    Info: Elapsed time: 00:00:20
    Info: Total CPU time (on all processors): 00:00:44


+------------------------------------------+
; Analysis & Synthesis Suppressed Messages ;
+------------------------------------------+
The suppressed messages can be found in C:/Users/cryst/OneDrive/Documents/ece271/lab7/output_files/DE1_SoC.map.smsg.


