EDA Netlist Writer report for DE1_SoC
Thu Mar 12 23:15:26 2020
Quartus Prime Version 17.0.0 Build 595 04/25/2017 SJ Lite Edition


---------------------
; Table of Contents ;
---------------------
  1. Legal Notice
  2. EDA Netlist Writer Summary
  3. EDA Netlist Writer Messages



----------------
; Legal Notice ;
----------------
Copyright (C) 2017  Intel Corporation. All rights reserved.
Your use of Intel Corporation's design tools, logic functions 
and other software and tools, and its AMPP partner logic 
functions, and any output files from any of the foregoing 
(including device programming or simulation files), and any 
associated documentation or information are expressly subject 
to the terms and conditions of the Intel Program License 
Subscription Agreement, the Intel Quartus Prime License Agreement,
the Intel MegaCore Function License Agreement, or other 
applicable license agreement, including, without limitation, 
that your use is for the sole purpose of programming logic 
devices manufactured by Intel and sold by Intel or its 
authorized distributors.  Please refer to the applicable 
agreement for further details.



+---------------------------------------------------------------+
; EDA Netlist Writer Summary                                    ;
+---------------------------+-----------------------------------+
; EDA Netlist Writer Status ; Failed - Thu Mar 12 23:15:26 2020 ;
; Revision Name             ; DE1_SoC                           ;
; Top-level Entity Name     ; DE1_SoC                           ;
; Family                    ; Cyclone V                         ;
+---------------------------+-----------------------------------+


+-----------------------------+
; EDA Netlist Writer Messages ;
+-----------------------------+
Info: *******************************************************************
Info: Running Quartus Prime EDA Netlist Writer
    Info: Version 17.0.0 Build 595 04/25/2017 SJ Lite Edition
    Info: Processing started: Thu Mar 12 23:15:24 2020
Info: Command: quartus_eda --read_settings_files=off --write_settings_files=off DE1_SoC -c DE1_SoC
Error (114012): Can't read database file C:/Users/cryst/OneDrive/Documents/ece271/lab8/db/DE1_SoC.tis_db_list.ddb
Error (114012): Can't read database file C:/Users/cryst/OneDrive/Documents/ece271/lab8/db/DE1_SoC.tis_db_list.ddb
Error (199002): Run the TimeQuest Timing Analyzer before running the EDA Netlist Writer
Error: Quartus Prime EDA Netlist Writer was unsuccessful. 3 errors, 0 warnings
    Error: Peak virtual memory: 4730 megabytes
    Error: Processing ended: Thu Mar 12 23:15:26 2020
    Error: Elapsed time: 00:00:02
    Error: Total CPU time (on all processors): 00:00:02


